C51 COMPILER V9.01   MAINX                                                                 11/13/2019 11:24:36 PAGE 1   


C51 COMPILER V9.01, COMPILATION OF MODULE MAINX
OBJECT MODULE PLACED IN mainX.OBJ
COMPILER INVOKED BY: C:\dev\Keil\C51\BIN\C51.EXE mainX.c BROWSE DEBUG OBJECTEXTEND

line level    source

   1          #include<reg51.h>
   2          
   3          unsigned int nTimerCount;
   4          sbit P1_0 = P1^0;
   5          sbit P1_1 = P1^1;
   6          
   7          /**
   8          * 延时
   9          */
  10          void delayMS(unsigned int n)
  11          {
  12   1              nTimerCount = n;
  13   1              while(nTimerCount!=0);
  14   1      }
  15          
  16          /**
  17          * 初始化
  18          */
  19          void initTimer()
  20          {
  21   1              /*
  22   1              启动中断
  23   1              */
  24   1              ET0 = 1;
  25   1              ET1 = 1;
  26   1              EA = 1;
  27   1              
  28   1              /*
  29   1              T1: GATE=0; C/T=0; M1=1; M0=0; 模式1
  30   1              T0: GATE=0; C/T=0; M1=0; M0=1; 模式2
  31   1              */
  32   1              TMOD = 0x21; //0010_0001
  33   1              TH0 = (65536-1000)/256;  //us
  34   1              TL0 = (65536-1000)%256; 
  35   1              TL1 = 256-100;
  36   1              TH1 = 256-100;
  37   1              
  38   1              /*
  39   1              启动计时
  40   1              */
  41   1              TR0 = 1;
  42   1              TR1 = 1;
  43   1              
  44   1              nTimerCount = 0;
  45   1              P1_0 = 0;
  46   1              P1_1 = 1;
  47   1              P2 = 0x05;
  48   1      }
  49          
  50          /**
  51          * 定时/计数器0(T0) 中断服务程序
  52          */
  53          void Timer0 () interrupt 1
  54          {
  55   1              TH0 = (65536-1000)/256;  //us
C51 COMPILER V9.01   MAINX                                                                 11/13/2019 11:24:36 PAGE 2   

  56   1              TL0 = (65536-1000)%256; 
  57   1              
  58   1              if(nTimerCount > 0)
  59   1                      nTimerCount--;
  60   1      }
  61          
  62          /**
  63          * 定时/计数器1(T1) 中断服务程序
  64          */
  65          void Timer1 () interrupt 3
  66          {
  67   1              P1_0 = ~P1_0;
  68   1              P1_1 = ~P1_1;
  69   1      }
  70          
  71          void main()
  72          {
  73   1              initTimer();
  74   1              while(1)
  75   1              {
  76   2                      delayMS(500);
  77   2                      P2 = ~P2;
  78   2              }
  79   1      }


MODULE INFORMATION:   STATIC OVERLAYABLE
   CODE SIZE        =    103    ----
   CONSTANT SIZE    =   ----    ----
   XDATA SIZE       =   ----    ----
   PDATA SIZE       =   ----    ----
   DATA SIZE        =      2    ----
   IDATA SIZE       =   ----    ----
   BIT SIZE         =   ----    ----
END OF MODULE INFORMATION.


C51 COMPILATION COMPLETE.  0 WARNING(S),  0 ERROR(S)
