C51 COMPILER V9.01   UART8051                                                              11/27/2019 12:08:14 PAGE 1   


C51 COMPILER V9.01, COMPILATION OF MODULE UART8051
OBJECT MODULE PLACED IN uart8051.OBJ
COMPILER INVOKED BY: C:\dev\Keil\C51\BIN\C51.EXE uart8051.c BROWSE DEBUG OBJECTEXTEND

line level    source

   1          #include <uart8051.h>
   2          #include <reg51.h>
   3          
   4          void initCom(void)
   5          {
   6   1              SCON=0x50;      //0101_0000: 设置为工作方式1
   7   1              TMOD=0x20;      //0010_0000: 设置计数器工作方式2
   8   1              PCON=0x80;      //1000_0000: 波特率加倍 
   9   1              TH1=0xF3;       //1111_0011: 计数器初始值设置,注意波特率是4800的
  10   1              TL1 =0xF3;      //1111_0011
  11   1              ES = 1;         //关闭接收中断
  12   1              EA = 1;         //打开总中断
  13   1              TR1 = 1;        //打开计数器
  14   1      }
  15          
  16          void UART_putchar(char ch)
  17          {
  18   1              SBUF = ch;
  19   1              while(!TI);
  20   1              TI = 0;
  21   1              return;
  22   1      }
  23          
  24          char UART_getkey(void)
  25          {
  26   1              char DATA;
  27   1              
  28   1              while(!RI);
  29   1              DATA = SBUF;
  30   1              RI = 0;
  31   1              return DATA;
  32   1      }


MODULE INFORMATION:   STATIC OVERLAYABLE
   CODE SIZE        =     38    ----
   CONSTANT SIZE    =   ----    ----
   XDATA SIZE       =   ----    ----
   PDATA SIZE       =   ----    ----
   DATA SIZE        =   ----    ----
   IDATA SIZE       =   ----    ----
   BIT SIZE         =   ----    ----
END OF MODULE INFORMATION.


C51 COMPILATION COMPLETE.  0 WARNING(S),  0 ERROR(S)
